<?xml version="1.0" encoding="UTF-8"?>
<testsuite xmlns:xsi="http://www.w3.org/2001/XMLSchema-instance" xsi:noNamespaceSchemaLocation="https://maven.apache.org/surefire/maven-surefire-plugin/xsd/surefire-test-report-3.0.xsd" version="3.0" name="BelanjaanTest" time="0.084" tests="20" errors="0" skipped="0" failures="0">
  <properties>
    <property name="java.specification.version" value="19"/>
    <property name="sun.cpu.isalist" value="amd64"/>
    <property name="sun.jnu.encoding" value="Cp1252"/>
    <property name="java.class.path" value="D:\Kuliah\Semester 6\Manajemen Konfigurasi &amp; Evolusi Software\belanjaan\target\test-classes;D:\Kuliah\Semester 6\Manajemen Konfigurasi &amp; Evolusi Software\belanjaan\target\classes;C:\Users\janna\.m2\repository\junit\junit\4.11\junit-4.11.jar;C:\Users\janna\.m2\repository\org\hamcrest\hamcrest-core\1.3\hamcrest-core-1.3.jar;"/>
    <property name="java.vm.vendor" value="Oracle Corporation"/>
    <property name="sun.arch.data.model" value="64"/>
    <property name="user.variant" value=""/>
    <property name="java.vendor.url" value="https://java.oracle.com/"/>
    <property name="user.timezone" value="Asia/Jakarta"/>
    <property name="os.name" value="Windows 11"/>
    <property name="java.vm.specification.version" value="19"/>
    <property name="sun.java.launcher" value="SUN_STANDARD"/>
    <property name="user.country" value="ID"/>
    <property name="sun.boot.library.path" value="C:\Program Files\Java\jdk-19\bin"/>
    <property name="sun.java.command" value="C:\Users\janna\AppData\Local\Temp\surefire8058440521023633173\surefirebooter-20240613170540665_3.jar C:\Users\janna\AppData\Local\Temp\surefire8058440521023633173 2024-06-13T17-05-40_393-jvmRun1 surefire-20240613170540665_1tmp surefire_0-20240613170540665_2tmp"/>
    <property name="jdk.debug" value="release"/>
    <property name="surefire.test.class.path" value="D:\Kuliah\Semester 6\Manajemen Konfigurasi &amp; Evolusi Software\belanjaan\target\test-classes;D:\Kuliah\Semester 6\Manajemen Konfigurasi &amp; Evolusi Software\belanjaan\target\classes;C:\Users\janna\.m2\repository\junit\junit\4.11\junit-4.11.jar;C:\Users\janna\.m2\repository\org\hamcrest\hamcrest-core\1.3\hamcrest-core-1.3.jar;"/>
    <property name="sun.cpu.endian" value="little"/>
    <property name="user.home" value="C:\Users\janna"/>
    <property name="user.language" value="en"/>
    <property name="java.specification.vendor" value="Oracle Corporation"/>
    <property name="java.version.date" value="2023-01-17"/>
    <property name="java.home" value="C:\Program Files\Java\jdk-19"/>
    <property name="file.separator" value="\"/>
    <property name="basedir" value="D:\Kuliah\Semester 6\Manajemen Konfigurasi &amp; Evolusi Software\belanjaan"/>
    <property name="java.vm.compressedOopsMode" value="32-bit"/>
    <property name="line.separator" value="&#10;"/>
    <property name="java.vm.specification.vendor" value="Oracle Corporation"/>
    <property name="java.specification.name" value="Java Platform API Specification"/>
    <property name="surefire.real.class.path" value="C:\Users\janna\AppData\Local\Temp\surefire8058440521023633173\surefirebooter-20240613170540665_3.jar"/>
    <property name="user.script" value=""/>
    <property name="sun.management.compiler" value="HotSpot 64-Bit Tiered Compilers"/>
    <property name="java.runtime.version" value="19.0.2+7-44"/>
    <property name="user.name" value="jannah"/>
    <property name="stdout.encoding" value="Cp1252"/>
    <property name="path.separator" value=";"/>
    <property name="os.version" value="10.0"/>
    <property name="java.runtime.name" value="Java(TM) SE Runtime Environment"/>
    <property name="file.encoding" value="UTF-8"/>
    <property name="java.vm.name" value="Java HotSpot(TM) 64-Bit Server VM"/>
    <property name="localRepository" value="C:\Users\janna\.m2\repository"/>
    <property name="java.vendor.url.bug" value="https://bugreport.java.com/bugreport/"/>
    <property name="java.io.tmpdir" value="C:\Users\janna\AppData\Local\Temp\"/>
    <property name="java.version" value="19.0.2"/>
    <property name="user.dir" value="D:\Kuliah\Semester 6\Manajemen Konfigurasi &amp; Evolusi Software\belanjaan"/>
    <property name="os.arch" value="amd64"/>
    <property name="java.vm.specification.name" value="Java Virtual Machine Specification"/>
    <property name="sun.os.patch.level" value=""/>
    <property name="native.encoding" value="Cp1252"/>
    <property name="java.library.path" value="C:\Program Files\Java\jdk-19\bin;C:\WINDOWS\Sun\Java\bin;C:\WINDOWS\system32;C:\WINDOWS;C:\sonar-scanner-5.0.1.3006-windows\bin;C:\app\jannah\product\11.2.0\dbhome_1\bin;C:\Kuliah\Oracle\WINDOWS.X64_193000_db_home\bin;C:\Program Files\Microsoft SQL Server\150\Tools\Binn\;C:\Program Files\Microsoft SQL Server\Client SDK\ODBC\170\Tools\Binn\;C:\Program Files\nodejs\;C:\Program Files\NVIDIA Corporation\NVIDIA NvDLISR;C:\Program Files\Java\jdk-19\bin;C:\flutter\bin;C:\Windows\System32;C:\Program Files (x86)\Windows Kits\10\Windows Performance Toolkit\;C:\Program Files\dotnet\;C:\Users\janna\AppData\Local\Pub\Cache\bin;C:\Program Files\Git\bin;C:\Users\janna\AppData\Local\Android\Sdk\platform-tools;C:\Program Files (x86)\NVIDIA Corporation\PhysX\Common;D:\apache-maven-3.9.7\bin;C:\Users\janna\AppData\Local\Microsoft\WindowsApps;C:\Users\janna\AppData\Local\Programs\Microsoft VS Code\bin;C:\Users\janna\.dotnet\tools;C:\Users\janna\AppData\Local\spicetify;C:\Users\janna\AppData\Local\GitHubDesktop\bin;C:\Users\janna\AppData\Roaming\npm;C:\sonar-scanner-5.0.1.3006-windows\bin;D:\xampp\php;C:\Users\janna\AppData\Local\ComposerSetup\bin;C:\Users\janna\AppData\Roaming\Composer\vendor\bin;C:\flutter\bin;C:\Windows\System32;C:\Users\janna\.dotnet\tools;."/>
    <property name="java.vm.info" value="mixed mode, sharing"/>
    <property name="stderr.encoding" value="Cp1252"/>
    <property name="java.vendor" value="Oracle Corporation"/>
    <property name="java.vm.version" value="19.0.2+7-44"/>
    <property name="sun.io.unicode.encoding" value="UnicodeLittle"/>
    <property name="java.class.version" value="63.0"/>
  </properties>
  <testcase name="testTambahItemKategoriBerbeda" classname="BelanjaanTest" time="0.004"/>
  <testcase name="testTambahBanyakDiskon" classname="BelanjaanTest" time="0.0"/>
  <testcase name="testDiskonSetelahHapusItem" classname="BelanjaanTest" time="0.0"/>
  <testcase name="testHapusItemDenganDiskon" classname="BelanjaanTest" time="0.0"/>
  <testcase name="testTambahDiskonBerulang" classname="BelanjaanTest" time="0.0"/>
  <testcase name="testHapusItem" classname="BelanjaanTest" time="0.0"/>
  <testcase name="testReset" classname="BelanjaanTest" time="0.004">
    <system-out><![CDATA[Daftar Belanjaan:
Tidak ada diskon yang diterapkan.
]]></system-out>
  </testcase>
  <testcase name="testTambahItemBeberapaKategori" classname="BelanjaanTest" time="0.0"/>
  <testcase name="testTambahDanHapusBeberapaItem" classname="BelanjaanTest" time="0.0"/>
  <testcase name="testTampilkanDiskon" classname="BelanjaanTest" time="0.0">
    <system-out><![CDATA[Daftar Diskon:
Shampo: 5000
]]></system-out>
  </testcase>
  <testcase name="testTambahItem" classname="BelanjaanTest" time="0.0"/>
  <testcase name="testTambahItemDuplikat" classname="BelanjaanTest" time="0.0">
    <system-out><![CDATA[Item sudah ada di keranjang. Menambahkan harga item.
]]></system-out>
  </testcase>
  <testcase name="testTambahDiskonItemTidakAda" classname="BelanjaanTest" time="0.0">
    <system-out><![CDATA[Item tidak ditemukan untuk diskon.
]]></system-out>
  </testcase>
  <testcase name="testTambahItemTanpaDiskon" classname="BelanjaanTest" time="0.0"/>
  <testcase name="testHapusItemTidakAda" classname="BelanjaanTest" time="0.004">
    <system-out><![CDATA[Item tidak ditemukan di keranjang.
]]></system-out>
  </testcase>
  <testcase name="testTampilkanTotalDenganDiskon" classname="BelanjaanTest" time="0.0">
    <system-out><![CDATA[Total Harga (Dengan Diskon): 15000
]]></system-out>
  </testcase>
  <testcase name="testTampilkanItem" classname="BelanjaanTest" time="0.004">
    <system-out><![CDATA[Daftar Belanjaan:
Sabun (Kebutuhan Rumah Tangga): 10000
Shampo (Kebutuhan Rumah Tangga): 20000
]]></system-out>
  </testcase>
  <testcase name="testTambahDiskon" classname="BelanjaanTest" time="0.0"/>
  <testcase name="testTambahItemSetelahDiskon" classname="BelanjaanTest" time="0.0"/>
  <testcase name="testTambahItemKategoriSama" classname="BelanjaanTest" time="0.0"/>
</testsuite>